生成启动时间为 2018/5/2 17:37:17。
     1>项目“C:\Users\Why\Desktop\sift\sift\sift.vcxproj”在节点 2 上(build 个目标)。
     1>InitializeBuildStatus:
         正在创建“Debug\sift.unsuccessfulbuild”，因为已指定“AlwaysCreate”。
       ClCompile:
         e:\vs2010\VC\bin\CL.exe /c /ZI /nologo /W3 /WX- /Od /Oy- /D WIN32 /D _DEBUG /D _CONSOLE /D _UNICODE /D UNICODE /Gm /EHsc /RTC1 /MDd /GS /fp:precise /Zc:wchar_t /Zc:forScope /Fo"Debug\\" /Fd"Debug\vc100.pdb" /Gd /TP /analyze- /errorReport:prompt main.cpp
         main.cpp
     1>c:\opencv2.2\include\opencv2\flann\logger.h(66): warning C4996: 'fopen': This function or variable may be unsafe. Consider using fopen_s instead. To disable deprecation, use _CRT_SECURE_NO_WARNINGS. See online help for details.
                 e:\vs2010\vc\include\stdio.h(234) : 参见“fopen”的声明
       ManifestResourceCompile:
         所有输出均为最新。
       Link:
         e:\vs2010\VC\bin\link.exe /ERRORREPORT:PROMPT /OUT:"C:\Users\Why\Desktop\sift\Debug\sift.exe" /INCREMENTAL /NOLOGO C:\OpenCV2.2\lib\opencv_core220d.lib C:\OpenCV2.2\lib\opencv_features2d220d.lib C:\OpenCV2.2\lib\opencv_highgui220d.lib C:\OpenCV2.2\lib\opencv_imgproc220d.lib opencv_world300d.lib opencv_ts300d.lib kernel32.lib user32.lib gdi32.lib winspool.lib comdlg32.lib advapi32.lib shell32.lib ole32.lib oleaut32.lib uuid.lib odbc32.lib odbccp32.lib /MANIFEST /ManifestFile:"Debug\sift.exe.intermediate.manifest" /MANIFESTUAC:"level='asInvoker' uiAccess='false'" /DEBUG /PDB:"C:\Users\Why\Desktop\sift\Debug\sift.pdb" /SUBSYSTEM:CONSOLE /TLBID:1 /DYNAMICBASE /NXCOMPAT /IMPLIB:"C:\Users\Why\Desktop\sift\Debug\sift.lib" /MACHINE:X86 Debug\sift.exe.embed.manifest.res
         Debug\main.obj
         Debug\sift.obj
       Manifest:
         C:\Program Files (x86)\Microsoft SDKs\Windows\v7.0A\bin\mt.exe /nologo /verbose /out:"Debug\sift.exe.embed.manifest" /manifest Debug\sift.exe.intermediate.manifest
         所有输出均为最新。
       LinkEmbedManifest:
         所有输出均为最新。
         sift.vcxproj -> C:\Users\Why\Desktop\sift\Debug\sift.exe
       FinalizeBuildStatus:
         正在删除文件“Debug\sift.unsuccessfulbuild”。
         正在对“Debug\sift.lastbuildstate”执行 Touch 任务。
     1>已完成生成项目“C:\Users\Why\Desktop\sift\sift\sift.vcxproj”(build 个目标)的操作。

生成成功。

已用时间 00:00:02.99
